\BOOKMARK [0][-]{chapter.1}{\376\377\000L\000i\000c\000e\000n\000s\000e}{}% 1
\BOOKMARK [0][-]{chapter.2}{\376\377\000C\000o\000n\000t\000r\000i\000b\000u\000t\000o\000r\000\040\000C\000o\000v\000e\000n\000a\000n\000t\000\040\000C\000o\000d\000e\000\040\000o\000f\000\040\000C\000o\000n\000d\000u\000c\000t}{}% 2
\BOOKMARK [1][-]{section.2.1}{\376\377\000O\000u\000r\000\040\000P\000l\000e\000d\000g\000e}{chapter.2}% 3
\BOOKMARK [1][-]{section.2.2}{\376\377\000O\000u\000r\000\040\000S\000t\000a\000n\000d\000a\000r\000d\000s}{chapter.2}% 4
\BOOKMARK [1][-]{section.2.3}{\376\377\000O\000u\000r\000\040\000R\000e\000s\000p\000o\000n\000s\000i\000b\000i\000l\000i\000t\000i\000e\000s}{chapter.2}% 5
\BOOKMARK [1][-]{section.2.4}{\376\377\000S\000c\000o\000p\000e}{chapter.2}% 6
\BOOKMARK [1][-]{section.2.5}{\376\377\000E\000n\000f\000o\000r\000c\000e\000m\000e\000n\000t}{chapter.2}% 7
\BOOKMARK [1][-]{section.2.6}{\376\377\000A\000t\000t\000r\000i\000b\000u\000t\000i\000o\000n}{chapter.2}% 8
\BOOKMARK [0][-]{chapter.3}{\376\377\000w\000i\000n\000d\000t\000u\000n\000n\000e\000l}{}% 9
\BOOKMARK [1][-]{section.3.1}{\376\377\000B\000a\000s\000i\000c\000s}{chapter.3}% 10
\BOOKMARK [1][-]{section.3.2}{\376\377\000T\000h\000e\000\040\000T\000i\000m\000e\000s\000e\000r\000i\000e\000s\000\040\000c\000l\000a\000s\000s}{chapter.3}% 11
\BOOKMARK [1][-]{section.3.3}{\376\377\000T\000h\000e\000\040\000s\000c\000r\000i\000p\000t\000\040\040\030\000e\000x\000a\000m\000p\000l\000e\000\137\000d\000a\000t\000a\000\137\000a\000n\000a\000l\000y\000s\000i\000s\000.\000p\000y\040\031}{chapter.3}% 12
\BOOKMARK [1][-]{section.3.4}{\376\377\000I\000n\000s\000t\000a\000l\000l\000i\000n\000g\000\040\000t\000h\000e\000\040\000w\000i\000n\000d\000t\000u\000n\000n\000e\000l\000\040\000p\000a\000c\000k\000a\000g\000e}{chapter.3}% 13
\BOOKMARK [1][-]{section.3.5}{\376\377\000U\000s\000e\000f\000u\000l\000\040\000i\000n\000f\000o\000r\000m\000a\000t\000i\000o\000n}{chapter.3}% 14
\BOOKMARK [1][-]{section.3.6}{\376\377\000F\000u\000t\000u\000r\000e\000\040\000d\000e\000v\000e\000l\000o\000p\000m\000e\000n\000t}{chapter.3}% 15
\BOOKMARK [1][-]{section.3.7}{\376\377\000D\000o\000c\000u\000m\000e\000n\000t\000a\000t\000i\000o\000n}{chapter.3}% 16
\BOOKMARK [0][-]{chapter.4}{\376\377\000C\000l\000a\000s\000s\000e\000s\000\040\000a\000n\000d\000\040\000F\000u\000n\000c\000t\000i\000o\000n\000s}{}% 17
\BOOKMARK [0][-]{chapter.5}{\376\377\000I\000n\000d\000e\000x}{}% 18
\BOOKMARK [0][-]{section*.147}{\376\377\000P\000y\000t\000h\000o\000n\000\040\000M\000o\000d\000u\000l\000e\000\040\000I\000n\000d\000e\000x}{}% 19
\BOOKMARK [0][-]{section*.148}{\376\377\000I\000n\000d\000e\000x}{}% 20
